2026-01-02 17:34:19,450 - INFO - === Daily Quote Service Started ===
2026-01-02 17:34:19,451 - INFO - Scheduled daily quotes at 07:00
2026-01-02 17:42:37,537 - INFO - === Daily Quote Service Started ===
2026-01-02 17:49:59,284 - INFO - === Daily Quote Service Started ===
2026-01-02 17:51:10,541 - INFO - === Daily Quote Service Started ===
2026-01-02 17:52:01,068 - INFO - === Daily Quote Service Started ===
2026-01-02 17:52:01,069 - INFO - Scheduled daily quotes at 07:00
2026-01-02 17:54:09,459 - INFO - Retrieved 9 active subscribers
2026-01-02 17:54:09,465 - INFO - Sending quotes to 9 subscribers...
2026-01-02 17:54:09,465 - INFO - Fetching random quote from API...
2026-01-02 17:54:13,167 - INFO - Email sent successfully to katechisom072@gmail.com
2026-01-02 17:54:13,167 - INFO - Fetching random quote from API...
2026-01-02 17:54:15,769 - INFO - Email sent successfully to sligoemy@gmail.com
2026-01-02 17:54:15,770 - INFO - Fetching random quote from API...
2026-01-02 17:54:18,224 - INFO - Email sent successfully to adeboladesoyin@gmail.com
2026-01-02 17:54:18,225 - INFO - Fetching random quote from API...
2026-01-02 17:54:20,719 - INFO - Email sent successfully to faruksedik@yahoo.com
2026-01-02 17:54:20,720 - INFO - Fetching random quote from API...
2026-01-02 17:54:23,248 - INFO - Email sent successfully to kabirolawalemohammed@gmail.com
2026-01-02 17:54:23,249 - INFO - Fetching random quote from API...
2026-01-02 17:54:23,907 - WARNING - API returned status code 429
2026-01-02 17:54:23,907 - WARNING - Could not fetch quote for Ibrahim Akinyele
2026-01-02 17:54:23,908 - INFO - Fetching random quote from API...
2026-01-02 17:54:24,602 - WARNING - API returned status code 429
2026-01-02 17:54:24,602 - WARNING - Could not fetch quote for Nkem Sandra Ojukwu
2026-01-02 17:54:24,602 - INFO - Fetching random quote from API...
2026-01-02 17:54:25,283 - WARNING - API returned status code 429
2026-01-02 17:54:25,283 - WARNING - Could not fetch quote for Balikis Bakare
2026-01-02 17:54:25,284 - INFO - Fetching random quote from API...
2026-01-02 17:54:25,928 - WARNING - API returned status code 429
2026-01-02 17:54:25,928 - WARNING - Could not fetch quote for Suliyat Sobolaje
2026-01-02 17:54:25,929 - INFO - Quote delivery complete: 5/9 successful
2026-01-02 17:56:34,097 - INFO - Retrieved 9 active subscribers
2026-01-02 17:56:34,099 - INFO - Sending quotes to 9 subscribers...
2026-01-02 17:56:34,099 - INFO - Fetching random quote from API...
2026-01-02 17:56:37,134 - INFO - Email sent successfully to katechisom072@gmail.com
2026-01-02 17:56:37,134 - INFO - Fetching random quote from API...
2026-01-02 17:56:39,641 - INFO - Email sent successfully to sligoemy@gmail.com
2026-01-02 17:56:39,642 - INFO - Fetching random quote from API...
2026-01-02 17:56:42,610 - INFO - Email sent successfully to adeboladesoyin@gmail.com
2026-01-02 17:56:42,612 - INFO - Fetching random quote from API...
2026-01-02 17:56:45,200 - INFO - Email sent successfully to faruksedik@yahoo.com
2026-01-02 17:56:45,200 - INFO - Fetching random quote from API...
2026-01-02 17:56:48,136 - INFO - Email sent successfully to kabirolawalemohammed@gmail.com
2026-01-02 17:56:48,138 - INFO - Fetching random quote from API...
2026-01-02 17:56:48,778 - WARNING - API returned status code 429
2026-01-02 17:56:48,779 - WARNING - Could not fetch quote for Ibrahim Akinyele
2026-01-02 17:56:48,779 - INFO - Fetching random quote from API...
2026-01-02 17:56:49,525 - WARNING - API returned status code 429
2026-01-02 17:56:49,525 - WARNING - Could not fetch quote for Nkem Sandra Ojukwu
2026-01-02 17:56:49,525 - INFO - Fetching random quote from API...
2026-01-02 17:56:50,171 - WARNING - API returned status code 429
2026-01-02 17:56:50,171 - WARNING - Could not fetch quote for Balikis Bakare
2026-01-02 17:56:50,172 - INFO - Fetching random quote from API...
2026-01-02 17:56:50,852 - WARNING - API returned status code 429
2026-01-02 17:56:50,852 - WARNING - Could not fetch quote for Suliyat Sobolaje
2026-01-02 17:56:50,852 - INFO - Quote delivery complete: 5/9 successful
